CRITICAL - 2023-03-29 08:58:08 --> Class "App\Controllers\My_Model" not found
#0 C:\xampp\htdocs\UserLogin\system\CodeIgniter.php(810): App\Controllers\BaseController->initController(Object(CodeIgniter\HTTP\IncomingRequest), Object(CodeIgniter\HTTP\Response), Object(CodeIgniter\Log\Logger))
#1 C:\xampp\htdocs\UserLogin\system\CodeIgniter.php(410): CodeIgniter\CodeIgniter->createController()
#2 C:\xampp\htdocs\UserLogin\system\CodeIgniter.php(326): CodeIgniter\CodeIgniter->handleRequest(NULL, Object(Config\Cache), false)
#3 C:\xampp\htdocs\UserLogin\index.php(37): CodeIgniter\CodeIgniter->run()
#4 {main}
CRITICAL - 2023-03-29 08:58:43 --> Unterminated comment starting line 13
#0 C:\xampp\htdocs\UserLogin\system\Autoloader\Autoloader.php(241): CodeIgniter\Autoloader\Autoloader->includeFile('C:\\xampp\\htdocs...')
#1 C:\xampp\htdocs\UserLogin\system\Autoloader\Autoloader.php(219): CodeIgniter\Autoloader\Autoloader->loadInNamespace('App\\Models\\My_M...')
#2 C:\xampp\htdocs\UserLogin\app\Controllers\BaseController.php(49): CodeIgniter\Autoloader\Autoloader->loadClass('App\\Models\\My_M...')
#3 C:\xampp\htdocs\UserLogin\system\CodeIgniter.php(810): App\Controllers\BaseController->initController(Object(CodeIgniter\HTTP\IncomingRequest), Object(CodeIgniter\HTTP\Response), Object(CodeIgniter\Log\Logger))
#4 C:\xampp\htdocs\UserLogin\system\CodeIgniter.php(410): CodeIgniter\CodeIgniter->createController()
#5 C:\xampp\htdocs\UserLogin\system\CodeIgniter.php(326): CodeIgniter\CodeIgniter->handleRequest(NULL, Object(Config\Cache), false)
#6 C:\xampp\htdocs\UserLogin\index.php(37): CodeIgniter\CodeIgniter->run()
#7 {main}
CRITICAL - 2023-03-29 09:07:30 --> Undefined property: CodeIgniter\View\View::$session
#0 C:\xampp\htdocs\UserLogin\app\Views\site\signup.php(32): CodeIgniter\Debug\Exceptions->errorHandler(2, 'Undefined prope...', 'C:\\xampp\\htdocs...', 32)
#1 C:\xampp\htdocs\UserLogin\system\View\View.php(210): include('C:\\xampp\\htdocs...')
#2 C:\xampp\htdocs\UserLogin\system\View\View.php(213): CodeIgniter\View\View->CodeIgniter\View\{closure}()
#3 C:\xampp\htdocs\UserLogin\system\Common.php(1089): CodeIgniter\View\View->render('site/signup', Array, true)
#4 C:\xampp\htdocs\UserLogin\app\Controllers\Home.php(14): view('site/signup')
#5 C:\xampp\htdocs\UserLogin\system\CodeIgniter.php(832): App\Controllers\Home->signup()
#6 C:\xampp\htdocs\UserLogin\system\CodeIgniter.php(419): CodeIgniter\CodeIgniter->runController(Object(App\Controllers\Home))
#7 C:\xampp\htdocs\UserLogin\system\CodeIgniter.php(326): CodeIgniter\CodeIgniter->handleRequest(NULL, Object(Config\Cache), false)
#8 C:\xampp\htdocs\UserLogin\index.php(37): CodeIgniter\CodeIgniter->run()
#9 {main}
CRITICAL - 2023-03-29 09:22:51 --> Undefined property: App\Controllers\Login::$common_model
#0 C:\xampp\htdocs\UserLogin\app\Controllers\Login.php(45): CodeIgniter\Debug\Exceptions->errorHandler(2, 'Undefined prope...', 'C:\\xampp\\htdocs...', 45)
#1 C:\xampp\htdocs\UserLogin\system\CodeIgniter.php(832): App\Controllers\Login->do_login()
#2 C:\xampp\htdocs\UserLogin\system\CodeIgniter.php(419): CodeIgniter\CodeIgniter->runController(Object(App\Controllers\Login))
#3 C:\xampp\htdocs\UserLogin\system\CodeIgniter.php(326): CodeIgniter\CodeIgniter->handleRequest(NULL, Object(Config\Cache), false)
#4 C:\xampp\htdocs\UserLogin\index.php(37): CodeIgniter\CodeIgniter->run()
#5 {main}
ERROR - 2023-03-29 09:31:18 --> Table 'user_login.users' doesn't exist
CRITICAL - 2023-03-29 09:31:18 --> Table 'user_login.users' doesn't exist
#0 C:\xampp\htdocs\UserLogin\system\Database\MySQLi\Connection.php(292): mysqli->query('SELECT *\nFROM `...', 0)
#1 C:\xampp\htdocs\UserLogin\system\Database\BaseConnection.php(670): CodeIgniter\Database\MySQLi\Connection->execute('SELECT *\nFROM `...')
#2 C:\xampp\htdocs\UserLogin\system\Database\BaseConnection.php(598): CodeIgniter\Database\BaseConnection->simpleQuery('SELECT *\nFROM `...')
#3 C:\xampp\htdocs\UserLogin\system\Database\BaseBuilder.php(1455): CodeIgniter\Database\BaseConnection->query('SELECT *\nFROM `...', Array, false)
#4 C:\xampp\htdocs\UserLogin\app\Models\My_Model.php(30): CodeIgniter\Database\BaseBuilder->get()
#5 C:\xampp\htdocs\UserLogin\app\Controllers\Login.php(45): App\Models\My_Model->GetSingleData('users', Array)
#6 C:\xampp\htdocs\UserLogin\system\CodeIgniter.php(832): App\Controllers\Login->do_login()
#7 C:\xampp\htdocs\UserLogin\system\CodeIgniter.php(419): CodeIgniter\CodeIgniter->runController(Object(App\Controllers\Login))
#8 C:\xampp\htdocs\UserLogin\system\CodeIgniter.php(326): CodeIgniter\CodeIgniter->handleRequest(NULL, Object(Config\Cache), false)
#9 C:\xampp\htdocs\UserLogin\index.php(37): CodeIgniter\CodeIgniter->run()
#10 {main}
CRITICAL - 2023-03-29 09:35:17 --> Object of class CodeIgniter\Database\MySQLi\Result could not be converted to string
#0 C:\xampp\htdocs\UserLogin\app\Controllers\Login.php(45): App\Models\My_Model->GetSingleData('user', Array)
#1 C:\xampp\htdocs\UserLogin\system\CodeIgniter.php(832): App\Controllers\Login->do_login()
#2 C:\xampp\htdocs\UserLogin\system\CodeIgniter.php(419): CodeIgniter\CodeIgniter->runController(Object(App\Controllers\Login))
#3 C:\xampp\htdocs\UserLogin\system\CodeIgniter.php(326): CodeIgniter\CodeIgniter->handleRequest(NULL, Object(Config\Cache), false)
#4 C:\xampp\htdocs\UserLogin\index.php(37): CodeIgniter\CodeIgniter->run()
#5 {main}
CRITICAL - 2023-03-29 09:37:15 --> Object of class CodeIgniter\Database\MySQLi\Result could not be converted to string
#0 C:\xampp\htdocs\UserLogin\app\Controllers\Login.php(45): App\Models\My_Model->GetSingleData('user', Array)
#1 C:\xampp\htdocs\UserLogin\system\CodeIgniter.php(832): App\Controllers\Login->do_login()
#2 C:\xampp\htdocs\UserLogin\system\CodeIgniter.php(419): CodeIgniter\CodeIgniter->runController(Object(App\Controllers\Login))
#3 C:\xampp\htdocs\UserLogin\system\CodeIgniter.php(326): CodeIgniter\CodeIgniter->handleRequest(NULL, Object(Config\Cache), false)
#4 C:\xampp\htdocs\UserLogin\index.php(37): CodeIgniter\CodeIgniter->run()
#5 {main}
CRITICAL - 2023-03-29 10:07:58 --> Unclosed '{' on line 39
#0 C:\xampp\htdocs\UserLogin\system\View\View.php(210): include()
#1 C:\xampp\htdocs\UserLogin\system\View\View.php(213): CodeIgniter\View\View->CodeIgniter\View\{closure}()
#2 C:\xampp\htdocs\UserLogin\system\Common.php(1089): CodeIgniter\View\View->render('site/dashboard', Array, true)
#3 C:\xampp\htdocs\UserLogin\app\Controllers\Dashboard.php(22): view('site/dashboard')
#4 C:\xampp\htdocs\UserLogin\system\CodeIgniter.php(832): App\Controllers\Dashboard->index()
#5 C:\xampp\htdocs\UserLogin\system\CodeIgniter.php(419): CodeIgniter\CodeIgniter->runController(Object(App\Controllers\Dashboard))
#6 C:\xampp\htdocs\UserLogin\system\CodeIgniter.php(326): CodeIgniter\CodeIgniter->handleRequest(NULL, Object(Config\Cache), false)
#7 C:\xampp\htdocs\UserLogin\index.php(37): CodeIgniter\CodeIgniter->run()
#8 {main}
CRITICAL - 2023-03-29 10:08:44 --> Undefined property: CodeIgniter\View\View::$session
#0 C:\xampp\htdocs\UserLogin\app\Views\site\include\header.php(25): CodeIgniter\Debug\Exceptions->errorHandler(2, 'Undefined prope...', 'C:\\xampp\\htdocs...', 25)
#1 C:\xampp\htdocs\UserLogin\app\Views\site\dashboard.php(1): include('C:\\xampp\\htdocs...')
#2 C:\xampp\htdocs\UserLogin\system\View\View.php(210): include('C:\\xampp\\htdocs...')
#3 C:\xampp\htdocs\UserLogin\system\View\View.php(213): CodeIgniter\View\View->CodeIgniter\View\{closure}()
#4 C:\xampp\htdocs\UserLogin\system\Common.php(1089): CodeIgniter\View\View->render('site/dashboard', Array, true)
#5 C:\xampp\htdocs\UserLogin\app\Controllers\Dashboard.php(22): view('site/dashboard')
#6 C:\xampp\htdocs\UserLogin\system\CodeIgniter.php(832): App\Controllers\Dashboard->index()
#7 C:\xampp\htdocs\UserLogin\system\CodeIgniter.php(419): CodeIgniter\CodeIgniter->runController(Object(App\Controllers\Dashboard))
#8 C:\xampp\htdocs\UserLogin\system\CodeIgniter.php(326): CodeIgniter\CodeIgniter->handleRequest(NULL, Object(Config\Cache), false)
#9 C:\xampp\htdocs\UserLogin\index.php(37): CodeIgniter\CodeIgniter->run()
#10 {main}
CRITICAL - 2023-03-29 10:15:36 -->  route cannot be found while reverse-routing.
#0 C:\xampp\htdocs\UserLogin\system\HTTP\RedirectResponse.php(56): CodeIgniter\HTTP\Exceptions\HTTPException::forInvalidRedirectRoute('')
#1 C:\xampp\htdocs\UserLogin\system\Common.php(832): CodeIgniter\HTTP\RedirectResponse->route(false)
#2 C:\xampp\htdocs\UserLogin\app\Controllers\Login.php(71): redirect('login')
#3 C:\xampp\htdocs\UserLogin\system\CodeIgniter.php(832): App\Controllers\Login->logout()
#4 C:\xampp\htdocs\UserLogin\system\CodeIgniter.php(419): CodeIgniter\CodeIgniter->runController(Object(App\Controllers\Login))
#5 C:\xampp\htdocs\UserLogin\system\CodeIgniter.php(326): CodeIgniter\CodeIgniter->handleRequest(NULL, Object(Config\Cache), false)
#6 C:\xampp\htdocs\UserLogin\index.php(37): CodeIgniter\CodeIgniter->run()
#7 {main}
CRITICAL - 2023-03-29 10:20:08 --> Invalid file: user/dashboard.php
#0 C:\xampp\htdocs\UserLogin\system\View\View.php(198): CodeIgniter\Exceptions\FrameworkException::forInvalidFile('user/dashboard....')
#1 C:\xampp\htdocs\UserLogin\system\Common.php(1089): CodeIgniter\View\View->render('user/dashboard', Array, true)
#2 C:\xampp\htdocs\UserLogin\app\Controllers\Dashboard.php(22): view('user/dashboard')
#3 C:\xampp\htdocs\UserLogin\system\CodeIgniter.php(832): App\Controllers\Dashboard->index()
#4 C:\xampp\htdocs\UserLogin\system\CodeIgniter.php(419): CodeIgniter\CodeIgniter->runController(Object(App\Controllers\Dashboard))
#5 C:\xampp\htdocs\UserLogin\system\CodeIgniter.php(326): CodeIgniter\CodeIgniter->handleRequest(NULL, Object(Config\Cache), false)
#6 C:\xampp\htdocs\UserLogin\index.php(37): CodeIgniter\CodeIgniter->run()
#7 {main}
CRITICAL - 2023-03-29 10:20:28 --> Invalid file: user/dashboard.php
#0 C:\xampp\htdocs\UserLogin\system\View\View.php(198): CodeIgniter\Exceptions\FrameworkException::forInvalidFile('user/dashboard....')
#1 C:\xampp\htdocs\UserLogin\system\Common.php(1089): CodeIgniter\View\View->render('user/dashboard', Array, true)
#2 C:\xampp\htdocs\UserLogin\app\Controllers\Dashboard.php(22): view('user/dashboard')
#3 C:\xampp\htdocs\UserLogin\system\CodeIgniter.php(832): App\Controllers\Dashboard->index()
#4 C:\xampp\htdocs\UserLogin\system\CodeIgniter.php(419): CodeIgniter\CodeIgniter->runController(Object(App\Controllers\Dashboard))
#5 C:\xampp\htdocs\UserLogin\system\CodeIgniter.php(326): CodeIgniter\CodeIgniter->handleRequest(NULL, Object(Config\Cache), false)
#6 C:\xampp\htdocs\UserLogin\index.php(37): CodeIgniter\CodeIgniter->run()
#7 {main}
CRITICAL - 2023-03-29 10:23:14 -->  route cannot be found while reverse-routing.
#0 C:\xampp\htdocs\UserLogin\system\HTTP\RedirectResponse.php(56): CodeIgniter\HTTP\Exceptions\HTTPException::forInvalidRedirectRoute('')
#1 C:\xampp\htdocs\UserLogin\system\Common.php(832): CodeIgniter\HTTP\RedirectResponse->route(false)
#2 C:\xampp\htdocs\UserLogin\app\Controllers\Login.php(71): redirect('login')
#3 C:\xampp\htdocs\UserLogin\system\CodeIgniter.php(832): App\Controllers\Login->logout()
#4 C:\xampp\htdocs\UserLogin\system\CodeIgniter.php(419): CodeIgniter\CodeIgniter->runController(Object(App\Controllers\Login))
#5 C:\xampp\htdocs\UserLogin\system\CodeIgniter.php(326): CodeIgniter\CodeIgniter->handleRequest(NULL, Object(Config\Cache), false)
#6 C:\xampp\htdocs\UserLogin\index.php(37): CodeIgniter\CodeIgniter->run()
#7 {main}
