ERROR - 2023-04-22 06:23:42 --> Error connecting to the database: No connection could be made because the target machine actively refused it
CRITICAL - 2023-04-22 06:23:42 --> Unable to connect to the database.
Main connection [MySQLi]: No connection could be made because the target machine actively refused it
#0 C:\xampp\htdocs\UserLogin\system\Database\BaseConnection.php(577): CodeIgniter\Database\BaseConnection->initialize()
#1 C:\xampp\htdocs\UserLogin\system\Database\BaseBuilder.php(1455): CodeIgniter\Database\BaseConnection->query('SELECT *\nFROM `...', Array, false)
#2 C:\xampp\htdocs\UserLogin\app\Models\My_Model.php(47): CodeIgniter\Database\BaseBuilder->get()
#3 C:\xampp\htdocs\UserLogin\app\Controllers\Home.php(9): App\Models\My_Model->GetAllData('product', '', 'id', 'desc')
#4 C:\xampp\htdocs\UserLogin\system\CodeIgniter.php(832): App\Controllers\Home->index()
#5 C:\xampp\htdocs\UserLogin\system\CodeIgniter.php(419): CodeIgniter\CodeIgniter->runController(Object(App\Controllers\Home))
#6 C:\xampp\htdocs\UserLogin\system\CodeIgniter.php(326): CodeIgniter\CodeIgniter->handleRequest(NULL, Object(Config\Cache), false)
#7 C:\xampp\htdocs\UserLogin\index.php(37): CodeIgniter\CodeIgniter->run()
#8 {main}
CRITICAL - 2023-04-22 06:53:02 --> Undefined array key "name"
#0 C:\xampp\htdocs\UserLogin\app\Views\site\cart_view.php(17): CodeIgniter\Debug\Exceptions->errorHandler(2, 'Undefined array...', 'C:\\xampp\\htdocs...', 17)
#1 C:\xampp\htdocs\UserLogin\system\View\View.php(210): include('C:\\xampp\\htdocs...')
#2 C:\xampp\htdocs\UserLogin\system\View\View.php(213): CodeIgniter\View\View->CodeIgniter\View\{closure}()
#3 C:\xampp\htdocs\UserLogin\system\Common.php(1089): CodeIgniter\View\View->render('site/cart_view', Array, true)
#4 C:\xampp\htdocs\UserLogin\app\Controllers\Cart.php(48): view('site/cart_view', Array)
#5 C:\xampp\htdocs\UserLogin\system\CodeIgniter.php(832): App\Controllers\Cart->cart_view()
#6 C:\xampp\htdocs\UserLogin\system\CodeIgniter.php(419): CodeIgniter\CodeIgniter->runController(Object(App\Controllers\Cart))
#7 C:\xampp\htdocs\UserLogin\system\CodeIgniter.php(326): CodeIgniter\CodeIgniter->handleRequest(NULL, Object(Config\Cache), false)
#8 C:\xampp\htdocs\UserLogin\index.php(37): CodeIgniter\CodeIgniter->run()
#9 {main}
CRITICAL - 2023-04-22 07:00:41 --> You must set the database table to be used with your query.
#0 C:\xampp\htdocs\UserLogin\system\Model.php(545): CodeIgniter\Database\BaseConnection->table(NULL)
#1 C:\xampp\htdocs\UserLogin\system\Model.php(722): CodeIgniter\Model->builder()
#2 C:\xampp\htdocs\UserLogin\app\Controllers\Cart.php(48): CodeIgniter\Model->__call('Updateata', Array)
#3 C:\xampp\htdocs\UserLogin\system\CodeIgniter.php(832): App\Controllers\Cart->cart_view()
#4 C:\xampp\htdocs\UserLogin\system\CodeIgniter.php(419): CodeIgniter\CodeIgniter->runController(Object(App\Controllers\Cart))
#5 C:\xampp\htdocs\UserLogin\system\CodeIgniter.php(326): CodeIgniter\CodeIgniter->handleRequest(NULL, Object(Config\Cache), false)
#6 C:\xampp\htdocs\UserLogin\index.php(37): CodeIgniter\CodeIgniter->run()
#7 {main}
