ERROR - 2023-04-16 06:08:04 --> Column 'product_id' cannot be null
CRITICAL - 2023-04-16 06:08:04 --> Column 'product_id' cannot be null
#0 C:\xampp\htdocs\UserLogin\system\Database\MySQLi\Connection.php(292): mysqli->query('INSERT INTO `ca...', 0)
#1 C:\xampp\htdocs\UserLogin\system\Database\BaseConnection.php(670): CodeIgniter\Database\MySQLi\Connection->execute('INSERT INTO `ca...')
#2 C:\xampp\htdocs\UserLogin\system\Database\BaseConnection.php(598): CodeIgniter\Database\BaseConnection->simpleQuery('INSERT INTO `ca...')
#3 C:\xampp\htdocs\UserLogin\system\Database\BaseBuilder.php(1771): CodeIgniter\Database\BaseConnection->query('INSERT INTO `ca...', Array, false)
#4 C:\xampp\htdocs\UserLogin\app\Models\My_Model.php(15): CodeIgniter\Database\BaseBuilder->insert(Array)
#5 C:\xampp\htdocs\UserLogin\app\Controllers\Cart.php(32): App\Models\My_Model->InsertData('cart', Array)
#6 C:\xampp\htdocs\UserLogin\system\CodeIgniter.php(832): App\Controllers\Cart->addcart()
#7 C:\xampp\htdocs\UserLogin\system\CodeIgniter.php(419): CodeIgniter\CodeIgniter->runController(Object(App\Controllers\Cart))
#8 C:\xampp\htdocs\UserLogin\system\CodeIgniter.php(326): CodeIgniter\CodeIgniter->handleRequest(NULL, Object(Config\Cache), false)
#9 C:\xampp\htdocs\UserLogin\index.php(37): CodeIgniter\CodeIgniter->run()
#10 {main}
ERROR - 2023-04-16 06:08:10 --> Column 'product_id' cannot be null
CRITICAL - 2023-04-16 06:08:10 --> Column 'product_id' cannot be null
#0 C:\xampp\htdocs\UserLogin\system\Database\MySQLi\Connection.php(292): mysqli->query('INSERT INTO `ca...', 0)
#1 C:\xampp\htdocs\UserLogin\system\Database\BaseConnection.php(670): CodeIgniter\Database\MySQLi\Connection->execute('INSERT INTO `ca...')
#2 C:\xampp\htdocs\UserLogin\system\Database\BaseConnection.php(598): CodeIgniter\Database\BaseConnection->simpleQuery('INSERT INTO `ca...')
#3 C:\xampp\htdocs\UserLogin\system\Database\BaseBuilder.php(1771): CodeIgniter\Database\BaseConnection->query('INSERT INTO `ca...', Array, false)
#4 C:\xampp\htdocs\UserLogin\app\Models\My_Model.php(15): CodeIgniter\Database\BaseBuilder->insert(Array)
#5 C:\xampp\htdocs\UserLogin\app\Controllers\Cart.php(32): App\Models\My_Model->InsertData('cart', Array)
#6 C:\xampp\htdocs\UserLogin\system\CodeIgniter.php(832): App\Controllers\Cart->addcart()
#7 C:\xampp\htdocs\UserLogin\system\CodeIgniter.php(419): CodeIgniter\CodeIgniter->runController(Object(App\Controllers\Cart))
#8 C:\xampp\htdocs\UserLogin\system\CodeIgniter.php(326): CodeIgniter\CodeIgniter->handleRequest(NULL, Object(Config\Cache), false)
#9 C:\xampp\htdocs\UserLogin\index.php(37): CodeIgniter\CodeIgniter->run()
#10 {main}
CRITICAL - 2023-04-16 06:25:34 --> Undefined array key "product_id"
#0 C:\xampp\htdocs\UserLogin\app\Controllers\Cart.php(25): CodeIgniter\Debug\Exceptions->errorHandler(2, 'Undefined array...', 'C:\\xampp\\htdocs...', 25)
#1 C:\xampp\htdocs\UserLogin\system\CodeIgniter.php(832): App\Controllers\Cart->addcart()
#2 C:\xampp\htdocs\UserLogin\system\CodeIgniter.php(419): CodeIgniter\CodeIgniter->runController(Object(App\Controllers\Cart))
#3 C:\xampp\htdocs\UserLogin\system\CodeIgniter.php(326): CodeIgniter\CodeIgniter->handleRequest(NULL, Object(Config\Cache), false)
#4 C:\xampp\htdocs\UserLogin\index.php(37): CodeIgniter\CodeIgniter->run()
#5 {main}
CRITICAL - 2023-04-16 06:31:20 --> Undefined variable $val
#0 C:\xampp\htdocs\UserLogin\app\Views\site\product.php(139): CodeIgniter\Debug\Exceptions->errorHandler(2, 'Undefined varia...', 'C:\\xampp\\htdocs...', 139)
#1 C:\xampp\htdocs\UserLogin\system\View\View.php(210): include('C:\\xampp\\htdocs...')
#2 C:\xampp\htdocs\UserLogin\system\View\View.php(213): CodeIgniter\View\View->CodeIgniter\View\{closure}()
#3 C:\xampp\htdocs\UserLogin\system\Common.php(1089): CodeIgniter\View\View->render('site/product', Array, true)
#4 C:\xampp\htdocs\UserLogin\app\Controllers\Home.php(10): view('site/product', Array)
#5 C:\xampp\htdocs\UserLogin\system\CodeIgniter.php(832): App\Controllers\Home->index()
#6 C:\xampp\htdocs\UserLogin\system\CodeIgniter.php(419): CodeIgniter\CodeIgniter->runController(Object(App\Controllers\Home))
#7 C:\xampp\htdocs\UserLogin\system\CodeIgniter.php(326): CodeIgniter\CodeIgniter->handleRequest(NULL, Object(Config\Cache), false)
#8 C:\xampp\htdocs\UserLogin\index.php(37): CodeIgniter\CodeIgniter->run()
#9 {main}
CRITICAL - 2023-04-16 06:31:30 --> Undefined variable $val
#0 C:\xampp\htdocs\UserLogin\app\Views\site\product.php(139): CodeIgniter\Debug\Exceptions->errorHandler(2, 'Undefined varia...', 'C:\\xampp\\htdocs...', 139)
#1 C:\xampp\htdocs\UserLogin\system\View\View.php(210): include('C:\\xampp\\htdocs...')
#2 C:\xampp\htdocs\UserLogin\system\View\View.php(213): CodeIgniter\View\View->CodeIgniter\View\{closure}()
#3 C:\xampp\htdocs\UserLogin\system\Common.php(1089): CodeIgniter\View\View->render('site/product', Array, true)
#4 C:\xampp\htdocs\UserLogin\app\Controllers\Home.php(10): view('site/product', Array)
#5 C:\xampp\htdocs\UserLogin\system\CodeIgniter.php(832): App\Controllers\Home->index()
#6 C:\xampp\htdocs\UserLogin\system\CodeIgniter.php(419): CodeIgniter\CodeIgniter->runController(Object(App\Controllers\Home))
#7 C:\xampp\htdocs\UserLogin\system\CodeIgniter.php(326): CodeIgniter\CodeIgniter->handleRequest(NULL, Object(Config\Cache), false)
#8 C:\xampp\htdocs\UserLogin\index.php(37): CodeIgniter\CodeIgniter->run()
#9 {main}
