CRITICAL - 2023-01-15 03:43:27 --> Class "App\Models\Common_model" not found
#0 C:\xampp\htdocs\UserLogin\system\CodeIgniter.php(810): App\Controllers\BaseController->initController(Object(CodeIgniter\HTTP\IncomingRequest), Object(CodeIgniter\HTTP\Response), Object(CodeIgniter\Log\Logger))
#1 C:\xampp\htdocs\UserLogin\system\CodeIgniter.php(410): CodeIgniter\CodeIgniter->createController()
#2 C:\xampp\htdocs\UserLogin\system\CodeIgniter.php(326): CodeIgniter\CodeIgniter->handleRequest(NULL, Object(Config\Cache), false)
#3 C:\xampp\htdocs\UserLogin\index.php(37): CodeIgniter\CodeIgniter->run()
#4 {main}
CRITICAL - 2023-01-15 04:02:44 --> include(include/header.php): Failed to open stream: No such file or directory
#0 C:\xampp\htdocs\UserLogin\app\Views\index.php(1): CodeIgniter\Debug\Exceptions->errorHandler(2, 'include(include...', 'C:\\xampp\\htdocs...', 1)
#1 C:\xampp\htdocs\UserLogin\app\Views\index.php(1): include()
#2 C:\xampp\htdocs\UserLogin\system\View\View.php(210): include('C:\\xampp\\htdocs...')
#3 C:\xampp\htdocs\UserLogin\system\View\View.php(213): CodeIgniter\View\View->CodeIgniter\View\{closure}()
#4 C:\xampp\htdocs\UserLogin\system\Common.php(1089): CodeIgniter\View\View->render('index', Array, true)
#5 C:\xampp\htdocs\UserLogin\app\Controllers\Home.php(9): view('index')
#6 C:\xampp\htdocs\UserLogin\system\CodeIgniter.php(832): App\Controllers\Home->index()
#7 C:\xampp\htdocs\UserLogin\system\CodeIgniter.php(419): CodeIgniter\CodeIgniter->runController(Object(App\Controllers\Home))
#8 C:\xampp\htdocs\UserLogin\system\CodeIgniter.php(326): CodeIgniter\CodeIgniter->handleRequest(NULL, Object(Config\Cache), false)
#9 C:\xampp\htdocs\UserLogin\index.php(37): CodeIgniter\CodeIgniter->run()
#10 {main}
CRITICAL - 2023-01-15 04:03:24 --> include(include/header.php): Failed to open stream: No such file or directory
#0 C:\xampp\htdocs\UserLogin\app\Views\index.php(1): CodeIgniter\Debug\Exceptions->errorHandler(2, 'include(include...', 'C:\\xampp\\htdocs...', 1)
#1 C:\xampp\htdocs\UserLogin\app\Views\index.php(1): include()
#2 C:\xampp\htdocs\UserLogin\system\View\View.php(210): include('C:\\xampp\\htdocs...')
#3 C:\xampp\htdocs\UserLogin\system\View\View.php(213): CodeIgniter\View\View->CodeIgniter\View\{closure}()
#4 C:\xampp\htdocs\UserLogin\system\Common.php(1089): CodeIgniter\View\View->render('index', Array, true)
#5 C:\xampp\htdocs\UserLogin\app\Controllers\Home.php(9): view('index')
#6 C:\xampp\htdocs\UserLogin\system\CodeIgniter.php(832): App\Controllers\Home->index()
#7 C:\xampp\htdocs\UserLogin\system\CodeIgniter.php(419): CodeIgniter\CodeIgniter->runController(Object(App\Controllers\Home))
#8 C:\xampp\htdocs\UserLogin\system\CodeIgniter.php(326): CodeIgniter\CodeIgniter->handleRequest(NULL, Object(Config\Cache), false)
#9 C:\xampp\htdocs\UserLogin\index.php(37): CodeIgniter\CodeIgniter->run()
#10 {main}
CRITICAL - 2023-01-15 04:53:43 --> syntax error, unexpected token "public"
#0 C:\xampp\htdocs\UserLogin\system\Autoloader\Autoloader.php(241): CodeIgniter\Autoloader\Autoloader->includeFile('C:\\xampp\\htdocs...')
#1 C:\xampp\htdocs\UserLogin\system\Autoloader\Autoloader.php(219): CodeIgniter\Autoloader\Autoloader->loadInNamespace('App\\Controllers...')
#2 [internal function]: CodeIgniter\Autoloader\Autoloader->loadClass('App\\Controllers...')
#3 C:\xampp\htdocs\UserLogin\system\CodeIgniter.php(797): class_exists('\\App\\Controller...', true)
#4 C:\xampp\htdocs\UserLogin\system\CodeIgniter.php(406): CodeIgniter\CodeIgniter->startController()
#5 C:\xampp\htdocs\UserLogin\system\CodeIgniter.php(326): CodeIgniter\CodeIgniter->handleRequest(NULL, Object(Config\Cache), false)
#6 C:\xampp\htdocs\UserLogin\index.php(37): CodeIgniter\CodeIgniter->run()
#7 {main}
CRITICAL - 2023-01-15 04:55:28 --> syntax error, unexpected token "public"
#0 C:\xampp\htdocs\UserLogin\system\Autoloader\Autoloader.php(241): CodeIgniter\Autoloader\Autoloader->includeFile('C:\\xampp\\htdocs...')
#1 C:\xampp\htdocs\UserLogin\system\Autoloader\Autoloader.php(219): CodeIgniter\Autoloader\Autoloader->loadInNamespace('App\\Controllers...')
#2 [internal function]: CodeIgniter\Autoloader\Autoloader->loadClass('App\\Controllers...')
#3 C:\xampp\htdocs\UserLogin\system\CodeIgniter.php(797): class_exists('\\App\\Controller...', true)
#4 C:\xampp\htdocs\UserLogin\system\CodeIgniter.php(406): CodeIgniter\CodeIgniter->startController()
#5 C:\xampp\htdocs\UserLogin\system\CodeIgniter.php(326): CodeIgniter\CodeIgniter->handleRequest(NULL, Object(Config\Cache), false)
#6 C:\xampp\htdocs\UserLogin\index.php(37): CodeIgniter\CodeIgniter->run()
#7 {main}
CRITICAL - 2023-01-15 04:55:45 --> Call to undefined method App\Controllers\Login::check_login()
#0 C:\xampp\htdocs\UserLogin\system\CodeIgniter.php(809): App\Controllers\Login->__construct()
#1 C:\xampp\htdocs\UserLogin\system\CodeIgniter.php(410): CodeIgniter\CodeIgniter->createController()
#2 C:\xampp\htdocs\UserLogin\system\CodeIgniter.php(326): CodeIgniter\CodeIgniter->handleRequest(NULL, Object(Config\Cache), false)
#3 C:\xampp\htdocs\UserLogin\index.php(37): CodeIgniter\CodeIgniter->run()
#4 {main}
CRITICAL - 2023-01-15 04:56:20 --> syntax error, unexpected token "public"
#0 C:\xampp\htdocs\UserLogin\system\Autoloader\Autoloader.php(241): CodeIgniter\Autoloader\Autoloader->includeFile('C:\\xampp\\htdocs...')
#1 C:\xampp\htdocs\UserLogin\system\Autoloader\Autoloader.php(219): CodeIgniter\Autoloader\Autoloader->loadInNamespace('App\\Controllers...')
#2 [internal function]: CodeIgniter\Autoloader\Autoloader->loadClass('App\\Controllers...')
#3 C:\xampp\htdocs\UserLogin\system\CodeIgniter.php(797): class_exists('\\App\\Controller...', true)
#4 C:\xampp\htdocs\UserLogin\system\CodeIgniter.php(406): CodeIgniter\CodeIgniter->startController()
#5 C:\xampp\htdocs\UserLogin\system\CodeIgniter.php(326): CodeIgniter\CodeIgniter->handleRequest(NULL, Object(Config\Cache), false)
#6 C:\xampp\htdocs\UserLogin\index.php(37): CodeIgniter\CodeIgniter->run()
#7 {main}
